d:\lidar_master\lidarmaster\vs_win10_vtk\vs_win10_vtk\x64\release\ptrenderwidget.obj
d:\lidar_master\lidarmaster\vs_win10_vtk\vs_win10_vtk\x64\release\moc\moc_lidarmaster.cpp
d:\lidar_master\lidarmaster\vs_win10_vtk\vs_win10_vtk\x64\release\moc\moc_lidarmenu.cpp
d:\lidar_master\lidarmaster\vs_win10_vtk\vs_win10_vtk\x64\release\moc\moc_lidarnewpro.cpp
d:\lidar_master\lidarmaster\vs_win10_vtk\vs_win10_vtk\x64\release\moc\moc_ptrenderwidget.cpp
d:\lidar_master\lidarmaster\vs_win10_vtk\vs_win10_vtk\x64\release\rcc\qrc_lidarmaster.cpp
d:\lidar_master\lidarmaster\vs_win10_vtk\vs_win10_vtk\x64\release\uic\ui_lidarmaster.h
d:\lidar_master\lidarmaster\vs_win10_vtk\vs_win10_vtk\x64\release\uic\ui_lidarnewpro.h
d:\lidar_master\lidarmaster\vs_win10_vtk\vs_win10_vtk\x64\release\uic\ui_ptrenderwidget.h
d:\lidar_master\lidarmaster\vs_win10_vtk\vs_win10_vtk\x64\release\vc142.pdb
d:\lidar_master\lidarmaster\vs_win10_vtk\vs_win10_vtk\x64\release\vs_win10_vtk.tlog\cl.1496.write.1.tlog
d:\lidar_master\lidarmaster\vs_win10_vtk\vs_win10_vtk\x64\release\vs_win10_vtk.tlog\cl.command.1.tlog
d:\lidar_master\lidarmaster\vs_win10_vtk\vs_win10_vtk\x64\release\vs_win10_vtk.tlog\cl.read.1.tlog
d:\lidar_master\lidarmaster\vs_win10_vtk\vs_win10_vtk\x64\release\vs_win10_vtk.tlog\moc.read.1u.tlog
d:\lidar_master\lidarmaster\vs_win10_vtk\vs_win10_vtk\x64\release\vs_win10_vtk.tlog\moc.write.1u.tlog
d:\lidar_master\lidarmaster\vs_win10_vtk\vs_win10_vtk\x64\release\vs_win10_vtk.tlog\rcc.read.1u.tlog
d:\lidar_master\lidarmaster\vs_win10_vtk\vs_win10_vtk\x64\release\vs_win10_vtk.tlog\rcc.write.1u.tlog
d:\lidar_master\lidarmaster\vs_win10_vtk\vs_win10_vtk\x64\release\vs_win10_vtk.tlog\uic.read.1u.tlog
d:\lidar_master\lidarmaster\vs_win10_vtk\vs_win10_vtk\x64\release\vs_win10_vtk.tlog\uic.write.1u.tlog
d:\lidar_master\lidarmaster\vs_win10_vtk\vs_win10_vtk\x64\release\vs_win10_vtk.tlog\vs_win10_vtk.write.1u.tlog
