d:\lidar_master\vs_win10_vtk\vs_win10_vtk\x64\debug\vc141.pdb
d:\lidar_master\vs_win10_vtk\vs_win10_vtk\x64\debug\moc_lidarmaster.obj
d:\lidar_master\vs_win10_vtk\vs_win10_vtk\x64\debug\main.obj
d:\lidar_master\vs_win10_vtk\vs_win10_vtk\x64\debug\lidarmaster.obj
d:\lidar_master\vs_win10_vtk\vs_win10_vtk\x64\debug\qrc_lidarmaster.obj
d:\lidar_master\vs_win10_vtk\x64\debug\vs_win10_vtk.exe
d:\lidar_master\vs_win10_vtk\x64\debug\vs_win10_vtk.ilk
d:\lidar_master\vs_win10_vtk\x64\debug\vs_win10_vtk.pdb
d:\lidar_master\vs_win10_vtk\vs_win10_vtk\x64\debug\moc\moc_lidarmaster.cpp
d:\lidar_master\vs_win10_vtk\vs_win10_vtk\x64\debug\rcc\qrc_lidarmaster.cpp
d:\lidar_master\vs_win10_vtk\vs_win10_vtk\x64\debug\uic\ui_lidarmaster.h
d:\lidar_master\vs_win10_vtk\vs_win10_vtk\x64\debug\vs_win10_vtk.tlog\cl.command.1.tlog
d:\lidar_master\vs_win10_vtk\vs_win10_vtk\x64\debug\vs_win10_vtk.tlog\cl.read.1.tlog
d:\lidar_master\vs_win10_vtk\vs_win10_vtk\x64\debug\vs_win10_vtk.tlog\cl.write.1.tlog
d:\lidar_master\vs_win10_vtk\vs_win10_vtk\x64\debug\vs_win10_vtk.tlog\link.15716.delete.1.tlog
d:\lidar_master\vs_win10_vtk\vs_win10_vtk\x64\debug\vs_win10_vtk.tlog\link.command.1.tlog
d:\lidar_master\vs_win10_vtk\vs_win10_vtk\x64\debug\vs_win10_vtk.tlog\link.read.1.tlog
d:\lidar_master\vs_win10_vtk\vs_win10_vtk\x64\debug\vs_win10_vtk.tlog\link.write.1.tlog
d:\lidar_master\vs_win10_vtk\vs_win10_vtk\x64\debug\vs_win10_vtk.tlog\moc.read.1u.tlog
d:\lidar_master\vs_win10_vtk\vs_win10_vtk\x64\debug\vs_win10_vtk.tlog\moc.write.1u.tlog
d:\lidar_master\vs_win10_vtk\vs_win10_vtk\x64\debug\vs_win10_vtk.tlog\rcc.read.1u.tlog
d:\lidar_master\vs_win10_vtk\vs_win10_vtk\x64\debug\vs_win10_vtk.tlog\rcc.write.1u.tlog
d:\lidar_master\vs_win10_vtk\vs_win10_vtk\x64\debug\vs_win10_vtk.tlog\uic.read.1u.tlog
d:\lidar_master\vs_win10_vtk\vs_win10_vtk\x64\debug\vs_win10_vtk.tlog\uic.write.1u.tlog
d:\lidar_master\vs_win10_vtk\vs_win10_vtk\x64\debug\vs_win10_vtk.tlog\vs_win10_vtk.write.1u.tlog
